2023-08-19 18:48:45,061 Bot: ActivePharmIngManufBot [@ActivePharmIngBot]
2023-08-19 18:48:45,154 Updates were skipped successfully.
2023-08-19 18:48:45,156 Start polling.
2023-08-22 21:03:42,875 Bot: ActivePharmIngManufBot [@ActivePharmIngBot]
2023-08-22 21:03:42,968 Updates were skipped successfully.
2023-08-22 21:03:42,969 Start polling.
2023-08-22 21:04:30,298 Пользователь Ян предал боту номер заявки 10-001/06-23. Длинна сообщения 362
2023-08-22 21:46:04,402 Пользователь Ян предал боту номер заявки 10-001/06-23. Длинна сообщения 362
2023-08-22 21:50:17,725 Bot: ActivePharmIngManufBot [@ActivePharmIngBot]
2023-08-22 21:50:17,820 Updates were skipped successfully.
2023-08-22 21:50:17,820 Start polling.
2023-08-23 20:36:32,375 Bot: ActivePharmIngManufBot [@ActivePharmIngBot]
2023-08-23 20:36:32,468 Updates were skipped successfully.
2023-08-23 20:36:32,469 Start polling.
2023-08-23 22:20:05,309 Bot: ActivePharmIngManufBot [@ActivePharmIngBot]
2023-08-23 22:20:05,401 Updates were skipped successfully.
2023-08-23 22:20:05,401 Start polling.
2023-08-23 22:23:57,879 Bot: ActivePharmIngManufBot [@ActivePharmIngBot]
2023-08-23 22:23:57,968 Updates were skipped successfully.
2023-08-23 22:23:57,968 Start polling.
2023-08-23 22:25:06,998 Bot: ActivePharmIngManufBot [@ActivePharmIngBot]
2023-08-23 22:25:07,117 Updates were skipped successfully.
2023-08-23 22:25:07,117 Start polling.
2023-08-23 22:29:21,089 Bot: ActivePharmIngManufBot [@ActivePharmIngBot]
2023-08-23 22:29:21,186 Updates were skipped successfully.
2023-08-23 22:29:21,186 Start polling.
2023-08-23 22:30:43,919 Bot: ActivePharmIngManufBot [@ActivePharmIngBot]
2023-08-23 22:30:44,037 Updates were skipped successfully.
2023-08-23 22:30:44,037 Start polling.
2023-08-23 22:30:59,860 Task exception was never retrieved
future: <Task finished name='Task-14' coro=<Dispatcher._process_polling_updates() done, defined at C:\Users\yan-s\Desktop\MyRepo\bot_AFS\venv\lib\site-packages\aiogram\dispatcher\dispatcher.py:407> exception=OperationalError('no such table: users_requests')>
Traceback (most recent call last):
  File "C:\Users\yan-s\Desktop\MyRepo\bot_AFS\venv\lib\site-packages\aiogram\dispatcher\dispatcher.py", line 415, in _process_polling_updates
    for responses in itertools.chain.from_iterable(await self.process_updates(updates, fast)):
  File "C:\Users\yan-s\Desktop\MyRepo\bot_AFS\venv\lib\site-packages\aiogram\dispatcher\dispatcher.py", line 235, in process_updates
    return await asyncio.gather(*tasks)
  File "C:\Users\yan-s\Desktop\MyRepo\bot_AFS\venv\lib\site-packages\aiogram\dispatcher\handler.py", line 117, in notify
    response = await handler_obj.handler(*args, **partial_data)
  File "C:\Users\yan-s\Desktop\MyRepo\bot_AFS\venv\lib\site-packages\aiogram\dispatcher\dispatcher.py", line 256, in process_update
    return await self.message_handlers.notify(update.message)
  File "C:\Users\yan-s\Desktop\MyRepo\bot_AFS\venv\lib\site-packages\aiogram\dispatcher\handler.py", line 117, in notify
    response = await handler_obj.handler(*args, **partial_data)
  File "C:\Users\yan-s\Desktop\MyRepo\bot_AFS\handlers\client.py", line 147, in start_tracking
    cursor.execute(req, (message.from_user.id, message.from_user.first_name, data['number_request'], date))
sqlite3.OperationalError: no such table: users_requests
2023-08-23 22:38:00,855 Bot: ActivePharmIngManufBot [@ActivePharmIngBot]
2023-08-23 22:38:00,949 Updates were skipped successfully.
2023-08-23 22:38:00,949 Start polling.
2023-08-26 23:59:09,486 Bot: ActivePharmIngManufBot [@ActivePharmIngBot]
2023-08-26 23:59:09,594 Updates were skipped successfully.
2023-08-26 23:59:09,595 Start polling.
2023-08-27 00:04:07,605 Bot: ActivePharmIngManufBot [@ActivePharmIngBot]
2023-08-27 00:04:07,712 Updates were skipped successfully.
2023-08-27 00:04:07,713 Start polling.
2023-08-27 00:09:29,960 Bot: ActivePharmIngManufBot [@ActivePharmIngBot]
2023-08-27 00:09:30,052 Updates were skipped successfully.
2023-08-27 00:09:30,053 Start polling.
2023-08-27 14:10:55,452 Bot: ActivePharmIngManufBot [@ActivePharmIngBot]
2023-08-27 14:10:55,546 Updates were skipped successfully.
2023-08-27 14:10:55,546 Start polling.
2023-08-27 16:46:10,870 Bot: ActivePharmIngManufBot [@ActivePharmIngBot]
2023-08-27 16:46:10,970 Updates were skipped successfully.
2023-08-27 16:46:10,971 Start polling.
2023-08-27 16:46:22,875 Bot: ActivePharmIngManufBot [@ActivePharmIngBot]
2023-08-27 16:46:22,982 Updates were skipped successfully.
2023-08-27 16:46:22,983 Start polling.
